build/app/intermediates/manifest_merge_blame_file/release/manifest-merger-blame-release-report.txt
1<?xml version="1.0" encoding="utf-8"?>
2<manifest xmlns:android="http://schemas.android.com/apk/res/android"
3    package="com.example.mocap"
4    android:versionCode="1"
5    android:versionName="0.1.0" >
6
7    <uses-sdk
8        android:minSdkVersion="20"
8-->src\main\AndroidManifest.xml
9        android:targetSdkVersion="33" />
9-->src\main\AndroidManifest.xml
10
11    <uses-permission android:name="android.permission.WRITE_EXTERNAL_STORAGE" />
11-->src\main\AndroidManifest.xml:4:5-81
11-->src\main\AndroidManifest.xml:4:22-78
12    <uses-permission android:name="android.permission.INTERNET" />
12-->src\main\AndroidManifest.xml:5:5-66
12-->src\main\AndroidManifest.xml:5:22-64
13
14    <!-- See https://developer.android.com/training/package-visibility -->
15    <queries>
15-->[:flutter_downloader] AndroidManifest.xml:10:5-14:15
16        <intent>
16-->[:flutter_downloader] AndroidManifest.xml:11:9-13:18
17            <action android:name="android.intent.action.VIEW" />
17-->[:flutter_downloader] AndroidManifest.xml:12:13-65
17-->[:flutter_downloader] AndroidManifest.xml:12:21-62
18        </intent>
19        <intent>
19-->[:flutter_inappwebview] AndroidManifest.xml:10:9-12:18
20            <action android:name="android.support.customtabs.action.CustomTabsService" />
20-->[:flutter_inappwebview] AndroidManifest.xml:11:13-90
20-->[:flutter_inappwebview] AndroidManifest.xml:11:21-87
21        </intent>
22    </queries>
23
24    <uses-permission android:name="android.permission.POST_NOTIFICATIONS" />
24-->[:flutter_downloader] AndroidManifest.xml:16:5-77
24-->[:flutter_downloader] AndroidManifest.xml:16:22-74
25    <uses-permission android:name="android.permission.ACCESS_NETWORK_STATE" />
25-->[com.google.firebase:firebase-auth:22.0.0] AndroidManifest.xml:26:5-79
25-->[com.google.firebase:firebase-auth:22.0.0] AndroidManifest.xml:26:22-76
26    <uses-permission android:name="android.permission.WAKE_LOCK" />
26-->[androidx.work:work-runtime:2.7.1] AndroidManifest.xml:25:5-68
26-->[androidx.work:work-runtime:2.7.1] AndroidManifest.xml:25:22-65
27    <uses-permission android:name="android.permission.RECEIVE_BOOT_COMPLETED" />
27-->[androidx.work:work-runtime:2.7.1] AndroidManifest.xml:27:5-81
27-->[androidx.work:work-runtime:2.7.1] AndroidManifest.xml:27:22-78
28    <uses-permission android:name="android.permission.FOREGROUND_SERVICE" />
28-->[androidx.work:work-runtime:2.7.1] AndroidManifest.xml:28:5-77
28-->[androidx.work:work-runtime:2.7.1] AndroidManifest.xml:28:22-74
29
30    <permission
30-->[androidx.core:core:1.10.1] AndroidManifest.xml:22:5-24:47
31        android:name="com.example.mocap.DYNAMIC_RECEIVER_NOT_EXPORTED_PERMISSION"
31-->[androidx.core:core:1.10.1] AndroidManifest.xml:23:9-81
32        android:protectionLevel="signature" />
32-->[androidx.core:core:1.10.1] AndroidManifest.xml:24:9-44
33
34    <uses-permission android:name="com.example.mocap.DYNAMIC_RECEIVER_NOT_EXPORTED_PERMISSION" />
34-->[androidx.core:core:1.10.1] AndroidManifest.xml:26:5-97
34-->[androidx.core:core:1.10.1] AndroidManifest.xml:26:22-94
35
36    <application
37        android:name="android.app.Application"
37-->src\main\AndroidManifest.xml:9:9-42
38        android:appComponentFactory="androidx.core.app.CoreComponentFactory"
38-->[androidx.core:core:1.10.1] AndroidManifest.xml:28:18-86
39        android:icon="@mipmap/launcher_icon"
39-->src\main\AndroidManifest.xml:10:9-45
40        android:label="MOCAP" >
40-->src\main\AndroidManifest.xml:8:9-30
41        <activity
41-->src\main\AndroidManifest.xml:12:9-33:20
42            android:name="com.example.mocap.MainActivity"
42-->src\main\AndroidManifest.xml:13:13-41
43            android:configChanges="orientation|keyboardHidden|keyboard|screenSize|smallestScreenSize|locale|layoutDirection|fontScale|screenLayout|density|uiMode"
43-->src\main\AndroidManifest.xml:17:13-163
44            android:exported="true"
44-->src\main\AndroidManifest.xml:14:13-36
45            android:hardwareAccelerated="true"
45-->src\main\AndroidManifest.xml:18:13-47
46            android:launchMode="singleTop"
46-->src\main\AndroidManifest.xml:15:13-43
47            android:theme="@style/LaunchTheme"
47-->src\main\AndroidManifest.xml:16:13-47
48            android:windowSoftInputMode="adjustResize" >
48-->src\main\AndroidManifest.xml:19:13-55
49
50            <!--
51                 Specifies an Android theme to apply to this Activity as soon as
52                 the Android process has started. This theme is visible to the user
53                 while the Flutter UI initializes. After that, this theme continues
54                 to determine the Window background behind the Flutter UI.
55            -->
56            <meta-data
56-->src\main\AndroidManifest.xml:24:13-26:57
57                android:name="io.flutter.embedding.android.NormalTheme"
57-->src\main\AndroidManifest.xml:25:17-72
58                android:resource="@style/NormalTheme" />
58-->src\main\AndroidManifest.xml:26:17-54
59
60            <intent-filter>
60-->src\main\AndroidManifest.xml:28:13-32:29
61                <action android:name="android.intent.action.MAIN" />
61-->src\main\AndroidManifest.xml:29:17-69
61-->src\main\AndroidManifest.xml:29:25-66
62
63                <category android:name="android.intent.category.LAUNCHER" />
63-->src\main\AndroidManifest.xml:31:17-77
63-->src\main\AndroidManifest.xml:31:27-74
64            </intent-filter>
65        </activity>
66
67        <!--
68             Don't delete the meta-data below.
69             This is used by the Flutter tool to generate GeneratedPluginRegistrant.java
70        -->
71        <meta-data
71-->src\main\AndroidManifest.xml:37:9-39:33
72            android:name="flutterEmbedding"
72-->src\main\AndroidManifest.xml:38:13-44
73            android:value="2" />
73-->src\main\AndroidManifest.xml:39:13-30
74
75        <service
75-->[:firebase_database] AndroidManifest.xml:10:9-14:19
76            android:name="com.google.firebase.components.ComponentDiscoveryService"
76-->[:firebase_database] AndroidManifest.xml:10:18-89
77            android:directBootAware="true"
77-->[com.google.firebase:firebase-common:20.3.2] AndroidManifest.xml:34:13-43
78            android:exported="false" >
78-->[com.google.firebase:firebase-auth:22.0.0] AndroidManifest.xml:68:13-37
79            <meta-data
79-->[:firebase_database] AndroidManifest.xml:11:13-13:85
80                android:name="com.google.firebase.components:io.flutter.plugins.firebase.database.FlutterFirebaseAppRegistrar"
80-->[:firebase_database] AndroidManifest.xml:12:17-127
81                android:value="com.google.firebase.components.ComponentRegistrar" />
81-->[:firebase_database] AndroidManifest.xml:13:17-82
82            <meta-data
82-->[:cloud_firestore] AndroidManifest.xml:11:13-13:85
83                android:name="com.google.firebase.components:io.flutter.plugins.firebase.firestore.FlutterFirebaseFirestoreRegistrar"
83-->[:cloud_firestore] AndroidManifest.xml:12:17-134
84                android:value="com.google.firebase.components.ComponentRegistrar" />
84-->[:cloud_firestore] AndroidManifest.xml:13:17-82
85            <meta-data
85-->[:firebase_auth] AndroidManifest.xml:11:13-13:85
86                android:name="com.google.firebase.components:io.flutter.plugins.firebase.auth.FlutterFirebaseAuthRegistrar"
86-->[:firebase_auth] AndroidManifest.xml:12:17-124
87                android:value="com.google.firebase.components.ComponentRegistrar" />
87-->[:firebase_auth] AndroidManifest.xml:13:17-82
88            <meta-data
88-->[:firebase_remote_config] AndroidManifest.xml:11:13-13:85
89                android:name="com.google.firebase.components:io.flutter.plugins.firebase.firebaseremoteconfig.FlutterFirebaseAppRegistrar"
89-->[:firebase_remote_config] AndroidManifest.xml:12:17-139
90                android:value="com.google.firebase.components.ComponentRegistrar" />
90-->[:firebase_remote_config] AndroidManifest.xml:13:17-82
91            <meta-data
91-->[:firebase_storage] AndroidManifest.xml:11:13-13:85
92                android:name="com.google.firebase.components:io.flutter.plugins.firebase.storage.FlutterFirebaseAppRegistrar"
92-->[:firebase_storage] AndroidManifest.xml:12:17-126
93                android:value="com.google.firebase.components.ComponentRegistrar" />
93-->[:firebase_storage] AndroidManifest.xml:13:17-82
94            <meta-data
94-->[:firebase_core] AndroidManifest.xml:11:13-13:85
95                android:name="com.google.firebase.components:io.flutter.plugins.firebase.core.FlutterFirebaseCoreRegistrar"
95-->[:firebase_core] AndroidManifest.xml:12:17-124
96                android:value="com.google.firebase.components.ComponentRegistrar" />
96-->[:firebase_core] AndroidManifest.xml:13:17-82
97            <meta-data
97-->[com.google.firebase:firebase-auth:22.0.0] AndroidManifest.xml:69:13-71:85
98                android:name="com.google.firebase.components:com.google.firebase.auth.FirebaseAuthRegistrar"
98-->[com.google.firebase:firebase-auth:22.0.0] AndroidManifest.xml:70:17-109
99                android:value="com.google.firebase.components.ComponentRegistrar" />
99-->[com.google.firebase:firebase-auth:22.0.0] AndroidManifest.xml:71:17-82
100            <meta-data
100-->[com.google.firebase:firebase-firestore:24.6.0] AndroidManifest.xml:19:13-21:85
101                android:name="com.google.firebase.components:com.google.firebase.firestore.FirestoreRegistrar"
101-->[com.google.firebase:firebase-firestore:24.6.0] AndroidManifest.xml:20:17-111
102                android:value="com.google.firebase.components.ComponentRegistrar" />
102-->[com.google.firebase:firebase-firestore:24.6.0] AndroidManifest.xml:21:17-82
103            <meta-data
103-->[com.google.firebase:firebase-config:21.4.0] AndroidManifest.xml:31:13-33:85
104                android:name="com.google.firebase.components:com.google.firebase.remoteconfig.RemoteConfigRegistrar"
104-->[com.google.firebase:firebase-config:21.4.0] AndroidManifest.xml:32:17-117
105                android:value="com.google.firebase.components.ComponentRegistrar" />
105-->[com.google.firebase:firebase-config:21.4.0] AndroidManifest.xml:33:17-82
106            <meta-data
106-->[com.google.firebase:firebase-storage:20.2.0] AndroidManifest.xml:32:13-34:85
107                android:name="com.google.firebase.components:com.google.firebase.storage.StorageRegistrar"
107-->[com.google.firebase:firebase-storage:20.2.0] AndroidManifest.xml:33:17-107
108                android:value="com.google.firebase.components.ComponentRegistrar" />
108-->[com.google.firebase:firebase-storage:20.2.0] AndroidManifest.xml:34:17-82
109            <meta-data
109-->[com.google.firebase:firebase-database:20.2.1] AndroidManifest.xml:31:13-33:85
110                android:name="com.google.firebase.components:com.google.firebase.database.DatabaseRegistrar"
110-->[com.google.firebase:firebase-database:20.2.1] AndroidManifest.xml:32:17-109
111                android:value="com.google.firebase.components.ComponentRegistrar" />
111-->[com.google.firebase:firebase-database:20.2.1] AndroidManifest.xml:33:17-82
112            <meta-data
112-->[com.google.firebase:firebase-abt:21.1.1] AndroidManifest.xml:12:13-14:85
113                android:name="com.google.firebase.components:com.google.firebase.abt.component.AbtRegistrar"
113-->[com.google.firebase:firebase-abt:21.1.1] AndroidManifest.xml:13:17-109
114                android:value="com.google.firebase.components.ComponentRegistrar" />
114-->[com.google.firebase:firebase-abt:21.1.1] AndroidManifest.xml:14:17-82
115            <meta-data
115-->[com.google.firebase:firebase-installations:17.1.3] AndroidManifest.xml:17:13-19:85
116                android:name="com.google.firebase.components:com.google.firebase.installations.FirebaseInstallationsRegistrar"
116-->[com.google.firebase:firebase-installations:17.1.3] AndroidManifest.xml:18:17-127
117                android:value="com.google.firebase.components.ComponentRegistrar" />
117-->[com.google.firebase:firebase-installations:17.1.3] AndroidManifest.xml:19:17-82
118        </service>
119
120        <provider
120-->[:image_picker_android] AndroidManifest.xml:10:9-18:20
121            android:name="io.flutter.plugins.imagepicker.ImagePickerFileProvider"
121-->[:image_picker_android] AndroidManifest.xml:11:13-82
122            android:authorities="com.example.mocap.flutter.image_provider"
122-->[:image_picker_android] AndroidManifest.xml:12:13-74
123            android:exported="false"
123-->[:image_picker_android] AndroidManifest.xml:13:13-37
124            android:grantUriPermissions="true" >
124-->[:image_picker_android] AndroidManifest.xml:14:13-47
125            <meta-data
125-->[:image_picker_android] AndroidManifest.xml:15:13-17:75
126                android:name="android.support.FILE_PROVIDER_PATHS"
126-->[:image_picker_android] AndroidManifest.xml:16:17-67
127                android:resource="@xml/flutter_image_picker_file_paths" />
127-->[:image_picker_android] AndroidManifest.xml:17:17-72
128        </provider>
129
130        <activity
130-->[:url_launcher_android] AndroidManifest.xml:10:9-13:74
131            android:name="io.flutter.plugins.urllauncher.WebViewActivity"
131-->[:url_launcher_android] AndroidManifest.xml:11:13-74
132            android:exported="false"
132-->[:url_launcher_android] AndroidManifest.xml:12:13-37
133            android:theme="@android:style/Theme.NoTitleBar.Fullscreen" />
133-->[:url_launcher_android] AndroidManifest.xml:13:13-71
134        <activity
134-->[:flutter_inappwebview] AndroidManifest.xml:16:9-20:47
135            android:name="com.pichillilorenzo.flutter_inappwebview.in_app_browser.InAppBrowserActivity"
135-->[:flutter_inappwebview] AndroidManifest.xml:17:13-104
136            android:configChanges="orientation|keyboardHidden|keyboard|screenSize|locale|layoutDirection|fontScale|screenLayout|density"
136-->[:flutter_inappwebview] AndroidManifest.xml:18:13-137
137            android:exported="false"
137-->[:flutter_inappwebview] AndroidManifest.xml:19:13-37
138            android:theme="@style/AppTheme" />
138-->[:flutter_inappwebview] AndroidManifest.xml:20:13-44
139        <activity
139-->[:flutter_inappwebview] AndroidManifest.xml:21:9-24:55
140            android:name="com.pichillilorenzo.flutter_inappwebview.chrome_custom_tabs.ChromeCustomTabsActivity"
140-->[:flutter_inappwebview] AndroidManifest.xml:22:13-112
141            android:exported="false"
141-->[:flutter_inappwebview] AndroidManifest.xml:23:13-37
142            android:theme="@style/ThemeTransparent" />
142-->[:flutter_inappwebview] AndroidManifest.xml:24:13-52
143        <activity
143-->[:flutter_inappwebview] AndroidManifest.xml:25:9-28:55
144            android:name="com.pichillilorenzo.flutter_inappwebview.chrome_custom_tabs.TrustedWebActivity"
144-->[:flutter_inappwebview] AndroidManifest.xml:26:13-106
145            android:exported="false"
145-->[:flutter_inappwebview] AndroidManifest.xml:27:13-37
146            android:theme="@style/ThemeTransparent" />
146-->[:flutter_inappwebview] AndroidManifest.xml:28:13-52
147        <activity
147-->[:flutter_inappwebview] AndroidManifest.xml:29:9-33:55
148            android:name="com.pichillilorenzo.flutter_inappwebview.chrome_custom_tabs.ChromeCustomTabsActivitySingleInstance"
148-->[:flutter_inappwebview] AndroidManifest.xml:30:13-126
149            android:exported="false"
149-->[:flutter_inappwebview] AndroidManifest.xml:31:13-37
150            android:launchMode="singleInstance"
150-->[:flutter_inappwebview] AndroidManifest.xml:32:13-48
151            android:theme="@style/ThemeTransparent" />
151-->[:flutter_inappwebview] AndroidManifest.xml:33:13-52
152        <activity
152-->[:flutter_inappwebview] AndroidManifest.xml:34:9-38:55
153            android:name="com.pichillilorenzo.flutter_inappwebview.chrome_custom_tabs.TrustedWebActivitySingleInstance"
153-->[:flutter_inappwebview] AndroidManifest.xml:35:13-120
154            android:exported="false"
154-->[:flutter_inappwebview] AndroidManifest.xml:36:13-37
155            android:launchMode="singleInstance"
155-->[:flutter_inappwebview] AndroidManifest.xml:37:13-48
156            android:theme="@style/ThemeTransparent" />
156-->[:flutter_inappwebview] AndroidManifest.xml:38:13-52
157
158        <receiver
158-->[:flutter_inappwebview] AndroidManifest.xml:40:9-43:40
159            android:name="com.pichillilorenzo.flutter_inappwebview.chrome_custom_tabs.ActionBroadcastReceiver"
159-->[:flutter_inappwebview] AndroidManifest.xml:41:13-111
160            android:enabled="true"
160-->[:flutter_inappwebview] AndroidManifest.xml:42:13-35
161            android:exported="false" />
161-->[:flutter_inappwebview] AndroidManifest.xml:43:13-37
162
163        <meta-data
163-->[:flutter_inappwebview] AndroidManifest.xml:45:9-47:36
164            android:name="io.flutter.embedded_views_preview"
164-->[:flutter_inappwebview] AndroidManifest.xml:46:13-61
165            android:value="true" />
165-->[:flutter_inappwebview] AndroidManifest.xml:47:13-33
166
167        <activity
167-->[com.google.android.gms:play-services-auth:20.6.0] AndroidManifest.xml:23:9-27:75
168            android:name="com.google.android.gms.auth.api.signin.internal.SignInHubActivity"
168-->[com.google.android.gms:play-services-auth:20.6.0] AndroidManifest.xml:24:13-93
169            android:excludeFromRecents="true"
169-->[com.google.android.gms:play-services-auth:20.6.0] AndroidManifest.xml:25:13-46
170            android:exported="false"
170-->[com.google.android.gms:play-services-auth:20.6.0] AndroidManifest.xml:26:13-37
171            android:theme="@android:style/Theme.Translucent.NoTitleBar" />
171-->[com.google.android.gms:play-services-auth:20.6.0] AndroidManifest.xml:27:13-72
172        <!--
173            Service handling Google Sign-In user revocation. For apps that do not integrate with
174            Google Sign-In, this service will never be started.
175        -->
176        <service
176-->[com.google.android.gms:play-services-auth:20.6.0] AndroidManifest.xml:33:9-37:51
177            android:name="com.google.android.gms.auth.api.signin.RevocationBoundService"
177-->[com.google.android.gms:play-services-auth:20.6.0] AndroidManifest.xml:34:13-89
178            android:exported="true"
178-->[com.google.android.gms:play-services-auth:20.6.0] AndroidManifest.xml:35:13-36
179            android:permission="com.google.android.gms.auth.api.signin.permission.REVOCATION_NOTIFICATION"
179-->[com.google.android.gms:play-services-auth:20.6.0] AndroidManifest.xml:36:13-107
180            android:visibleToInstantApps="true" />
180-->[com.google.android.gms:play-services-auth:20.6.0] AndroidManifest.xml:37:13-48
181
182        <activity
182-->[com.google.firebase:firebase-auth:22.0.0] AndroidManifest.xml:29:9-46:20
183            android:name="com.google.firebase.auth.internal.GenericIdpActivity"
183-->[com.google.firebase:firebase-auth:22.0.0] AndroidManifest.xml:30:13-80
184            android:excludeFromRecents="true"
184-->[com.google.firebase:firebase-auth:22.0.0] AndroidManifest.xml:31:13-46
185            android:exported="true"
185-->[com.google.firebase:firebase-auth:22.0.0] AndroidManifest.xml:32:13-36
186            android:launchMode="singleTask"
186-->[com.google.firebase:firebase-auth:22.0.0] AndroidManifest.xml:33:13-44
187            android:theme="@android:style/Theme.Translucent.NoTitleBar" >
187-->[com.google.firebase:firebase-auth:22.0.0] AndroidManifest.xml:34:13-72
188            <intent-filter>
188-->[com.google.firebase:firebase-auth:22.0.0] AndroidManifest.xml:35:13-45:29
189                <action android:name="android.intent.action.VIEW" />
189-->[:flutter_downloader] AndroidManifest.xml:12:13-65
189-->[:flutter_downloader] AndroidManifest.xml:12:21-62
190
191                <category android:name="android.intent.category.DEFAULT" />
191-->[com.google.firebase:firebase-auth:22.0.0] AndroidManifest.xml:38:17-76
191-->[com.google.firebase:firebase-auth:22.0.0] AndroidManifest.xml:38:27-73
192                <category android:name="android.intent.category.BROWSABLE" />
192-->[com.google.firebase:firebase-auth:22.0.0] AndroidManifest.xml:39:17-78
192-->[com.google.firebase:firebase-auth:22.0.0] AndroidManifest.xml:39:27-75
193
194                <data
194-->[com.google.firebase:firebase-auth:22.0.0] AndroidManifest.xml:41:17-44:51
195                    android:host="firebase.auth"
195-->[com.google.firebase:firebase-auth:22.0.0] AndroidManifest.xml:42:21-49
196                    android:path="/"
196-->[com.google.firebase:firebase-auth:22.0.0] AndroidManifest.xml:43:21-37
197                    android:scheme="genericidp" />
197-->[com.google.firebase:firebase-auth:22.0.0] AndroidManifest.xml:44:21-48
198            </intent-filter>
199        </activity>
200        <activity
200-->[com.google.firebase:firebase-auth:22.0.0] AndroidManifest.xml:47:9-64:20
201            android:name="com.google.firebase.auth.internal.RecaptchaActivity"
201-->[com.google.firebase:firebase-auth:22.0.0] AndroidManifest.xml:48:13-79
202            android:excludeFromRecents="true"
202-->[com.google.firebase:firebase-auth:22.0.0] AndroidManifest.xml:49:13-46
203            android:exported="true"
203-->[com.google.firebase:firebase-auth:22.0.0] AndroidManifest.xml:50:13-36
204            android:launchMode="singleTask"
204-->[com.google.firebase:firebase-auth:22.0.0] AndroidManifest.xml:51:13-44
205            android:theme="@android:style/Theme.Translucent.NoTitleBar" >
205-->[com.google.firebase:firebase-auth:22.0.0] AndroidManifest.xml:52:13-72
206            <intent-filter>
206-->[com.google.firebase:firebase-auth:22.0.0] AndroidManifest.xml:53:13-63:29
207                <action android:name="android.intent.action.VIEW" />
207-->[:flutter_downloader] AndroidManifest.xml:12:13-65
207-->[:flutter_downloader] AndroidManifest.xml:12:21-62
208
209                <category android:name="android.intent.category.DEFAULT" />
209-->[com.google.firebase:firebase-auth:22.0.0] AndroidManifest.xml:38:17-76
209-->[com.google.firebase:firebase-auth:22.0.0] AndroidManifest.xml:38:27-73
210                <category android:name="android.intent.category.BROWSABLE" />
210-->[com.google.firebase:firebase-auth:22.0.0] AndroidManifest.xml:39:17-78
210-->[com.google.firebase:firebase-auth:22.0.0] AndroidManifest.xml:39:27-75
211
212                <data
212-->[com.google.firebase:firebase-auth:22.0.0] AndroidManifest.xml:41:17-44:51
213                    android:host="firebase.auth"
213-->[com.google.firebase:firebase-auth:22.0.0] AndroidManifest.xml:42:21-49
214                    android:path="/"
214-->[com.google.firebase:firebase-auth:22.0.0] AndroidManifest.xml:43:21-37
215                    android:scheme="recaptcha" />
215-->[com.google.firebase:firebase-auth:22.0.0] AndroidManifest.xml:44:21-48
216            </intent-filter>
217        </activity>
218
219        <provider
219-->[com.google.firebase:firebase-common:20.3.2] AndroidManifest.xml:25:9-30:39
220            android:name="com.google.firebase.provider.FirebaseInitProvider"
220-->[com.google.firebase:firebase-common:20.3.2] AndroidManifest.xml:26:13-77
221            android:authorities="com.example.mocap.firebaseinitprovider"
221-->[com.google.firebase:firebase-common:20.3.2] AndroidManifest.xml:27:13-72
222            android:directBootAware="true"
222-->[com.google.firebase:firebase-common:20.3.2] AndroidManifest.xml:28:13-43
223            android:exported="false"
223-->[com.google.firebase:firebase-common:20.3.2] AndroidManifest.xml:29:13-37
224            android:initOrder="100" />
224-->[com.google.firebase:firebase-common:20.3.2] AndroidManifest.xml:30:13-36
225
226        <activity
226-->[com.google.android.gms:play-services-base:18.1.0] AndroidManifest.xml:20:9-22:45
227            android:name="com.google.android.gms.common.api.GoogleApiActivity"
227-->[com.google.android.gms:play-services-base:18.1.0] AndroidManifest.xml:20:19-85
228            android:exported="false"
228-->[com.google.android.gms:play-services-base:18.1.0] AndroidManifest.xml:22:19-43
229            android:theme="@android:style/Theme.Translucent.NoTitleBar" />
229-->[com.google.android.gms:play-services-base:18.1.0] AndroidManifest.xml:21:19-78
230
231        <meta-data
231-->[com.google.android.gms:play-services-basement:18.2.0] AndroidManifest.xml:21:9-23:69
232            android:name="com.google.android.gms.version"
232-->[com.google.android.gms:play-services-basement:18.2.0] AndroidManifest.xml:22:13-58
233            android:value="@integer/google_play_services_version" />
233-->[com.google.android.gms:play-services-basement:18.2.0] AndroidManifest.xml:23:13-66
234
235        <provider
235-->[androidx.work:work-runtime:2.7.1] AndroidManifest.xml:31:9-39:20
236            android:name="androidx.startup.InitializationProvider"
236-->[androidx.work:work-runtime:2.7.1] AndroidManifest.xml:32:13-67
237            android:authorities="com.example.mocap.androidx-startup"
237-->[androidx.work:work-runtime:2.7.1] AndroidManifest.xml:33:13-68
238            android:exported="false" >
238-->[androidx.work:work-runtime:2.7.1] AndroidManifest.xml:34:13-37
239            <meta-data
239-->[androidx.work:work-runtime:2.7.1] AndroidManifest.xml:36:13-38:52
240                android:name="androidx.work.WorkManagerInitializer"
240-->[androidx.work:work-runtime:2.7.1] AndroidManifest.xml:37:17-68
241                android:value="androidx.startup" />
241-->[androidx.work:work-runtime:2.7.1] AndroidManifest.xml:38:17-49
242            <meta-data
242-->[androidx.emoji2:emoji2:1.2.0] AndroidManifest.xml:29:13-31:52
243                android:name="androidx.emoji2.text.EmojiCompatInitializer"
243-->[androidx.emoji2:emoji2:1.2.0] AndroidManifest.xml:30:17-75
244                android:value="androidx.startup" />
244-->[androidx.emoji2:emoji2:1.2.0] AndroidManifest.xml:31:17-49
245            <meta-data
245-->[androidx.lifecycle:lifecycle-process:2.6.1] AndroidManifest.xml:29:13-31:52
246                android:name="androidx.lifecycle.ProcessLifecycleInitializer"
246-->[androidx.lifecycle:lifecycle-process:2.6.1] AndroidManifest.xml:30:17-78
247                android:value="androidx.startup" />
247-->[androidx.lifecycle:lifecycle-process:2.6.1] AndroidManifest.xml:31:17-49
248            <meta-data
248-->[androidx.profileinstaller:profileinstaller:1.3.0] AndroidManifest.xml:29:13-31:52
249                android:name="androidx.profileinstaller.ProfileInstallerInitializer"
249-->[androidx.profileinstaller:profileinstaller:1.3.0] AndroidManifest.xml:30:17-85
250                android:value="androidx.startup" />
250-->[androidx.profileinstaller:profileinstaller:1.3.0] AndroidManifest.xml:31:17-49
251        </provider>
252
253        <service
253-->[androidx.work:work-runtime:2.7.1] AndroidManifest.xml:41:9-46:35
254            android:name="androidx.work.impl.background.systemalarm.SystemAlarmService"
254-->[androidx.work:work-runtime:2.7.1] AndroidManifest.xml:42:13-88
255            android:directBootAware="false"
255-->[androidx.work:work-runtime:2.7.1] AndroidManifest.xml:43:13-44
256            android:enabled="@bool/enable_system_alarm_service_default"
256-->[androidx.work:work-runtime:2.7.1] AndroidManifest.xml:44:13-72
257            android:exported="false" />
257-->[androidx.work:work-runtime:2.7.1] AndroidManifest.xml:45:13-37
258        <service
258-->[androidx.work:work-runtime:2.7.1] AndroidManifest.xml:47:9-53:35
259            android:name="androidx.work.impl.background.systemjob.SystemJobService"
259-->[androidx.work:work-runtime:2.7.1] AndroidManifest.xml:48:13-84
260            android:directBootAware="false"
260-->[androidx.work:work-runtime:2.7.1] AndroidManifest.xml:49:13-44
261            android:enabled="@bool/enable_system_job_service_default"
261-->[androidx.work:work-runtime:2.7.1] AndroidManifest.xml:50:13-70
262            android:exported="true"
262-->[androidx.work:work-runtime:2.7.1] AndroidManifest.xml:51:13-36
263            android:permission="android.permission.BIND_JOB_SERVICE" />
263-->[androidx.work:work-runtime:2.7.1] AndroidManifest.xml:52:13-69
264        <service
264-->[androidx.work:work-runtime:2.7.1] AndroidManifest.xml:54:9-59:35
265            android:name="androidx.work.impl.foreground.SystemForegroundService"
265-->[androidx.work:work-runtime:2.7.1] AndroidManifest.xml:55:13-81
266            android:directBootAware="false"
266-->[androidx.work:work-runtime:2.7.1] AndroidManifest.xml:56:13-44
267            android:enabled="@bool/enable_system_foreground_service_default"
267-->[androidx.work:work-runtime:2.7.1] AndroidManifest.xml:57:13-77
268            android:exported="false" />
268-->[androidx.work:work-runtime:2.7.1] AndroidManifest.xml:58:13-37
269
270        <receiver
270-->[androidx.work:work-runtime:2.7.1] AndroidManifest.xml:61:9-66:35
271            android:name="androidx.work.impl.utils.ForceStopRunnable$BroadcastReceiver"
271-->[androidx.work:work-runtime:2.7.1] AndroidManifest.xml:62:13-88
272            android:directBootAware="false"
272-->[androidx.work:work-runtime:2.7.1] AndroidManifest.xml:63:13-44
273            android:enabled="true"
273-->[androidx.work:work-runtime:2.7.1] AndroidManifest.xml:64:13-35
274            android:exported="false" />
274-->[androidx.work:work-runtime:2.7.1] AndroidManifest.xml:65:13-37
275        <receiver
275-->[androidx.work:work-runtime:2.7.1] AndroidManifest.xml:67:9-77:20
276            android:name="androidx.work.impl.background.systemalarm.ConstraintProxy$BatteryChargingProxy"
276-->[androidx.work:work-runtime:2.7.1] AndroidManifest.xml:68:13-106
277            android:directBootAware="false"
277-->[androidx.work:work-runtime:2.7.1] AndroidManifest.xml:69:13-44
278            android:enabled="false"
278-->[androidx.work:work-runtime:2.7.1] AndroidManifest.xml:70:13-36
279            android:exported="false" >